{"/home/satodaiki/workspace/temp/ts-blog-domain/src/index.ts": {"path":"/home/satodaiki/workspace/temp/ts-blog-domain/src/index.ts","statementMap":{"0":{"start":{"line":1,"column":0},"end":{"line":1,"column":37}},"1":{"start":{"line":2,"column":0},"end":{"line":2,"column":86}},"2":{"start":{"line":3,"column":0},"end":{"line":3,"column":84}},"3":{"start":{"line":4,"column":0},"end":{"line":4,"column":82}},"4":{"start":{"line":5,"column":0},"end":{"line":5,"column":79}},"5":{"start":{"line":7,"column":0},"end":{"line":7,"column":49}},"6":{"start":{"line":12,"column":0},"end":{"line":12,"column":null}},"7":{"start":{"line":17,"column":22},"end":{"line":79,"column":null}},"8":{"start":{"line":18,"column":4},"end":{"line":18,"column":27}},"9":{"start":{"line":19,"column":4},"end":{"line":19,"column":38}},"10":{"start":{"line":21,"column":8},"end":{"line":21,"column":41}},"11":{"start":{"line":23,"column":4},"end":{"line":23,"column":33}},"12":{"start":{"line":25,"column":11},"end":{"line":25,"column":null}},"13":{"start":{"line":25,"column":15},"end":{"line":25,"column":null}},"14":{"start":{"line":26,"column":34},"end":{"line":26,"column":null}},"15":{"start":{"line":26,"column":12},"end":{"line":26,"column":null}},"16":{"start":{"line":27,"column":6},"end":{"line":27,"column":34}},"17":{"start":{"line":27,"column":25},"end":{"line":27,"column":34}},"18":{"start":{"line":29,"column":10},"end":{"line":29,"column":14}},"19":{"start":{"line":30,"column":14},"end":{"line":30,"column":53}},"20":{"start":{"line":31,"column":8},"end":{"line":31,"column":31}},"21":{"start":{"line":32,"column":17},"end":{"line":32,"column":21}},"22":{"start":{"line":33,"column":14},"end":{"line":33,"column":53}},"23":{"start":{"line":34,"column":8},"end":{"line":34,"column":31}},"24":{"start":{"line":35,"column":34},"end":{"line":35,"column":null}},"25":{"start":{"line":35,"column":14},"end":{"line":35,"column":null}},"26":{"start":{"line":36,"column":8},"end":{"line":36,"column":34}},"27":{"start":{"line":36,"column":25},"end":{"line":36,"column":34}},"28":{"start":{"line":37,"column":8},"end":{"line":37,"column":37}},"29":{"start":{"line":38,"column":8},"end":{"line":38,"column":38}},"30":{"start":{"line":39,"column":17},"end":{"line":39,"column":21}},"31":{"start":{"line":40,"column":36},"end":{"line":40,"column":null}},"32":{"start":{"line":40,"column":14},"end":{"line":40,"column":null}},"33":{"start":{"line":41,"column":12},"end":{"line":41,"column":16}},"34":{"start":{"line":42,"column":38},"end":{"line":42,"column":null}},"35":{"start":{"line":42,"column":16},"end":{"line":42,"column":null}},"36":{"start":{"line":43,"column":39},"end":{"line":43,"column":null}},"37":{"start":{"line":43,"column":16},"end":{"line":43,"column":null}},"38":{"start":{"line":44,"column":42},"end":{"line":44,"column":null}},"39":{"start":{"line":44,"column":16},"end":{"line":44,"column":null}},"40":{"start":{"line":46,"column":16},"end":{"line":46,"column":84}},"41":{"start":{"line":47,"column":10},"end":{"line":47,"column":44}},"42":{"start":{"line":48,"column":19},"end":{"line":48,"column":23}},"43":{"start":{"line":49,"column":16},"end":{"line":49,"column":53}},"44":{"start":{"line":50,"column":10},"end":{"line":50,"column":32}},"45":{"start":{"line":51,"column":19},"end":{"line":51,"column":23}},"46":{"start":{"line":52,"column":39},"end":{"line":52,"column":null}},"47":{"start":{"line":52,"column":16},"end":{"line":52,"column":null}},"48":{"start":{"line":53,"column":42},"end":{"line":53,"column":null}},"49":{"start":{"line":53,"column":16},"end":{"line":53,"column":null}},"50":{"start":{"line":55,"column":10},"end":{"line":60,"column":null}},"51":{"start":{"line":56,"column":18},"end":{"line":56,"column":69}},"52":{"start":{"line":57,"column":12},"end":{"line":57,"column":46}},"53":{"start":{"line":59,"column":12},"end":{"line":59,"column":39}},"54":{"start":{"line":61,"column":15},"end":{"line":66,"column":null}},"55":{"start":{"line":62,"column":16},"end":{"line":62,"column":61}},"56":{"start":{"line":63,"column":10},"end":{"line":63,"column":42}},"57":{"start":{"line":64,"column":10},"end":{"line":64,"column":46}},"58":{"start":{"line":65,"column":10},"end":{"line":65,"column":50}},"59":{"start":{"line":67,"column":13},"end":{"line":77,"column":null}},"60":{"start":{"line":68,"column":8},"end":{"line":68,"column":14}},"61":{"start":{"line":70,"column":14},"end":{"line":70,"column":null}},"62":{"start":{"line":71,"column":8},"end":{"line":76,"column":null}},"63":{"start":{"line":72,"column":10},"end":{"line":72,"column":43}},"64":{"start":{"line":74,"column":16},"end":{"line":74,"column":57}},"65":{"start":{"line":75,"column":10},"end":{"line":75,"column":51}},"66":{"start":{"line":81,"column":23},"end":{"line":85,"column":null}},"67":{"start":{"line":82,"column":4},"end":{"line":82,"column":22}},"68":{"start":{"line":83,"column":19},"end":{"line":83,"column":null}},"69":{"start":{"line":83,"column":10},"end":{"line":83,"column":null}},"70":{"start":{"line":84,"column":4},"end":{"line":84,"column":25}},"71":{"start":{"line":87,"column":23},"end":{"line":98,"column":null}},"72":{"start":{"line":88,"column":10},"end":{"line":91,"column":7}},"73":{"start":{"line":92,"column":4},"end":{"line":97,"column":7}},"74":{"start":{"line":93,"column":6},"end":{"line":96,"column":9}},"75":{"start":{"line":94,"column":8},"end":{"line":94,"column":24}},"76":{"start":{"line":95,"column":8},"end":{"line":95,"column":34}},"77":{"start":{"line":14,"column":17},"end":{"line":14,"column":91}},"78":{"start":{"line":15,"column":17},"end":{"line":15,"column":88}},"79":{"start":{"line":99,"column":0},"end":{"line":99,"column":2}},"80":{"start":{"line":101,"column":0},"end":{"line":103,"column":5}},"81":{"start":{"line":101,"column":1},"end":{"line":103,"column":2}},"82":{"start":{"line":102,"column":2},"end":{"line":102,"column":20}}},"fnMap":{"0":{"name":"(anonymous_20)","decl":{"start":{"line":12,"column":0},"end":{"line":12,"column":null}},"loc":{"start":{"line":12,"column":0},"end":{"line":12,"column":null}}},"1":{"name":"(anonymous_22)","decl":{"start":{"line":17,"column":2},"end":{"line":17,"column":22}},"loc":{"start":{"line":17,"column":2},"end":{"line":79,"column":null}}},"2":{"name":"(anonymous_25)","decl":{"start":{"line":81,"column":2},"end":{"line":81,"column":23}},"loc":{"start":{"line":81,"column":41},"end":{"line":85,"column":null}}},"3":{"name":"(anonymous_28)","decl":{"start":{"line":87,"column":2},"end":{"line":87,"column":23}},"loc":{"start":{"line":87,"column":49},"end":{"line":98,"column":null}}},"4":{"name":"(anonymous_31)","decl":{"start":{"line":92,"column":23},"end":{"line":92,"column":24}},"loc":{"start":{"line":92,"column":31},"end":{"line":97,"column":5}}},"5":{"name":"(anonymous_32)","decl":{"start":{"line":93,"column":43},"end":{"line":93,"column":44}},"loc":{"start":{"line":93,"column":50},"end":{"line":96,"column":7}}},"6":{"name":"(anonymous_33)","decl":{"start":{"line":101,"column":1},"end":{"line":101,"column":null}},"loc":{"start":{"line":101,"column":1},"end":{"line":103,"column":2}}}},"branchMap":{"0":{"loc":{"start":{"line":25,"column":11},"end":{"line":25,"column":null}},"type":"if","locations":[{"start":{"line":25,"column":11},"end":{"line":25,"column":null}},{"start":{"line":25,"column":11},"end":{"line":25,"column":null}}]},"1":{"loc":{"start":{"line":27,"column":6},"end":{"line":27,"column":34}},"type":"if","locations":[{"start":{"line":27,"column":6},"end":{"line":27,"column":34}},{"start":{"line":27,"column":6},"end":{"line":27,"column":34}}]},"2":{"loc":{"start":{"line":29,"column":10},"end":{"line":29,"column":14}},"type":"if","locations":[{"start":{"line":29,"column":10},"end":{"line":29,"column":14}},{"start":{"line":29,"column":10},"end":{"line":29,"column":14}}]},"3":{"loc":{"start":{"line":32,"column":17},"end":{"line":32,"column":21}},"type":"if","locations":[{"start":{"line":32,"column":17},"end":{"line":32,"column":21}},{"start":{"line":32,"column":17},"end":{"line":32,"column":21}}]},"4":{"loc":{"start":{"line":36,"column":8},"end":{"line":36,"column":34}},"type":"if","locations":[{"start":{"line":36,"column":8},"end":{"line":36,"column":34}},{"start":{"line":36,"column":8},"end":{"line":36,"column":34}}]},"5":{"loc":{"start":{"line":39,"column":17},"end":{"line":39,"column":21}},"type":"if","locations":[{"start":{"line":39,"column":17},"end":{"line":39,"column":21}},{"start":{"line":39,"column":17},"end":{"line":39,"column":21}}]},"6":{"loc":{"start":{"line":41,"column":12},"end":{"line":41,"column":16}},"type":"if","locations":[{"start":{"line":41,"column":12},"end":{"line":41,"column":16}},{"start":{"line":41,"column":12},"end":{"line":41,"column":16}}]},"7":{"loc":{"start":{"line":48,"column":19},"end":{"line":48,"column":23}},"type":"if","locations":[{"start":{"line":48,"column":19},"end":{"line":48,"column":23}},{"start":{"line":48,"column":19},"end":{"line":48,"column":23}}]},"8":{"loc":{"start":{"line":51,"column":19},"end":{"line":51,"column":23}},"type":"if","locations":[{"start":{"line":51,"column":19},"end":{"line":51,"column":23}},{"start":{"line":51,"column":19},"end":{"line":51,"column":23}}]},"9":{"loc":{"start":{"line":61,"column":15},"end":{"line":66,"column":null}},"type":"if","locations":[{"start":{"line":61,"column":15},"end":{"line":66,"column":null}},{"start":{"line":61,"column":15},"end":{"line":66,"column":null}}]},"10":{"loc":{"start":{"line":67,"column":13},"end":{"line":77,"column":null}},"type":"if","locations":[{"start":{"line":67,"column":13},"end":{"line":77,"column":null}},{"start":{"line":67,"column":13},"end":{"line":77,"column":null}}]},"11":{"loc":{"start":{"line":71,"column":8},"end":{"line":76,"column":null}},"type":"if","locations":[{"start":{"line":71,"column":8},"end":{"line":76,"column":null}},{"start":{"line":71,"column":8},"end":{"line":76,"column":null}}]},"12":{"loc":{"start":{"line":102,"column":2},"end":{"line":102,"column":20}},"type":"switch","locations":[{"start":{"line":102,"column":2},"end":{"line":102,"column":20}}]}},"s":{"0":0,"1":0,"2":0,"3":0,"4":0,"5":0,"6":0,"7":0,"8":0,"9":0,"10":0,"11":0,"12":0,"13":0,"14":0,"15":0,"16":0,"17":0,"18":0,"19":0,"20":0,"21":0,"22":0,"23":0,"24":0,"25":0,"26":0,"27":0,"28":0,"29":0,"30":0,"31":0,"32":0,"33":0,"34":0,"35":0,"36":0,"37":0,"38":0,"39":0,"40":0,"41":0,"42":0,"43":0,"44":0,"45":0,"46":0,"47":0,"48":0,"49":0,"50":0,"51":0,"52":0,"53":0,"54":0,"55":0,"56":0,"57":0,"58":0,"59":0,"60":0,"61":0,"62":0,"63":0,"64":0,"65":0,"66":0,"67":0,"68":0,"69":0,"70":0,"71":0,"72":0,"73":0,"74":0,"75":0,"76":0,"77":0,"78":0,"79":0,"80":0,"81":0,"82":0},"f":{"0":0,"1":0,"2":0,"3":0,"4":0,"5":0,"6":0},"b":{"0":[0,0],"1":[0,0],"2":[0,0],"3":[0,0],"4":[0,0],"5":[0,0],"6":[0,0],"7":[0,0],"8":[0,0],"9":[0,0],"10":[0,0],"11":[0,0],"12":[0]}}
,"/home/satodaiki/workspace/temp/ts-blog-domain/src/application/diary/DiaryApplicationService.ts": {"path":"/home/satodaiki/workspace/temp/ts-blog-domain/src/application/diary/DiaryApplicationService.ts","statementMap":{"0":{"start":{"line":3,"column":0},"end":{"line":3,"column":52}},"1":{"start":{"line":4,"column":0},"end":{"line":4,"column":56}},"2":{"start":{"line":5,"column":0},"end":{"line":5,"column":68}},"3":{"start":{"line":6,"column":0},"end":{"line":6,"column":48}},"4":{"start":{"line":9,"column":0},"end":{"line":9,"column":null}},"5":{"start":{"line":13,"column":8},"end":{"line":13,"column":47}},"6":{"start":{"line":16,"column":11},"end":{"line":23,"column":null}},"7":{"start":{"line":17,"column":37},"end":{"line":17,"column":56}},"8":{"start":{"line":18,"column":49},"end":{"line":18,"column":80}},"9":{"start":{"line":20,"column":22},"end":{"line":20,"column":67}},"10":{"start":{"line":22,"column":8},"end":{"line":22,"column":41}},"11":{"start":{"line":25,"column":11},"end":{"line":32,"column":null}},"12":{"start":{"line":26,"column":33},"end":{"line":26,"column":48}},"13":{"start":{"line":27,"column":21},"end":{"line":27,"column":55}},"14":{"start":{"line":29,"column":8},"end":{"line":29,"column":39}},"15":{"start":{"line":29,"column":32},"end":{"line":29,"column":39}},"16":{"start":{"line":31,"column":8},"end":{"line":31,"column":45}},"17":{"start":{"line":34,"column":11},"end":{"line":36,"column":null}},"18":{"start":{"line":35,"column":8},"end":{"line":35,"column":46}},"19":{"start":{"line":37,"column":0},"end":{"line":37,"column":null}},"20":{"start":{"line":39,"column":0},"end":{"line":39,"column":39}}},"fnMap":{"0":{"name":"(anonymous_1)","decl":{"start":{"line":9,"column":0},"end":{"line":9,"column":null}},"loc":{"start":{"line":9,"column":0},"end":{"line":37,"column":null}}},"1":{"name":"DiaryApplicationService","decl":{"start":{"line":12,"column":4},"end":{"line":12,"column":16}},"loc":{"start":{"line":12,"column":49},"end":{"line":14,"column":5}}},"2":{"name":"(anonymous_3)","decl":{"start":{"line":16,"column":4},"end":{"line":16,"column":11}},"loc":{"start":{"line":16,"column":49},"end":{"line":23,"column":5}}},"3":{"name":"(anonymous_4)","decl":{"start":{"line":25,"column":4},"end":{"line":25,"column":11}},"loc":{"start":{"line":25,"column":28},"end":{"line":32,"column":5}}},"4":{"name":"(anonymous_5)","decl":{"start":{"line":34,"column":4},"end":{"line":34,"column":11}},"loc":{"start":{"line":34,"column":4},"end":{"line":36,"column":5}}}},"branchMap":{"0":{"loc":{"start":{"line":29,"column":8},"end":{"line":29,"column":39}},"type":"if","locations":[{"start":{"line":29,"column":8},"end":{"line":29,"column":39}},{"start":{"line":29,"column":8},"end":{"line":29,"column":39}}]}},"s":{"0":0,"1":0,"2":0,"3":0,"4":0,"5":0,"6":0,"7":0,"8":0,"9":0,"10":0,"11":0,"12":0,"13":0,"14":0,"15":0,"16":0,"17":0,"18":0,"19":0,"20":0},"f":{"0":0,"1":0,"2":0,"3":0,"4":0},"b":{"0":[0,0]}}
,"/home/satodaiki/workspace/temp/ts-blog-domain/src/application/user/UserApplicationService.ts": {"path":"/home/satodaiki/workspace/temp/ts-blog-domain/src/application/user/UserApplicationService.ts","statementMap":{"0":{"start":{"line":2,"column":22},"end":{"line":4,"column":1}},"1":{"start":{"line":3,"column":4},"end":{"line":3,"column":62}},"2":{"start":{"line":5,"column":0},"end":{"line":5,"column":62}},"3":{"start":{"line":6,"column":13},"end":{"line":6,"column":66}},"4":{"start":{"line":7,"column":17},"end":{"line":7,"column":74}},"5":{"start":{"line":8,"column":18},"end":{"line":8,"column":76}},"6":{"start":{"line":9,"column":21},"end":{"line":9,"column":82}},"7":{"start":{"line":10,"column":17},"end":{"line":10,"column":72}},"8":{"start":{"line":11,"column":44},"end":{"line":43,"column":3}},"9":{"start":{"line":13,"column":8},"end":{"line":13,"column":45}},"10":{"start":{"line":15,"column":4},"end":{"line":22,"column":6}},"11":{"start":{"line":16,"column":23},"end":{"line":16,"column":51}},"12":{"start":{"line":17,"column":24},"end":{"line":17,"column":54}},"13":{"start":{"line":18,"column":27},"end":{"line":18,"column":63}},"14":{"start":{"line":19,"column":19},"end":{"line":19,"column":72}},"15":{"start":{"line":20,"column":8},"end":{"line":20,"column":39}},"16":{"start":{"line":21,"column":8},"end":{"line":21,"column":44}},"17":{"start":{"line":23,"column":4},"end":{"line":25,"column":6}},"18":{"start":{"line":24,"column":8},"end":{"line":24,"column":45}},"19":{"start":{"line":26,"column":4},"end":{"line":39,"column":6}},"20":{"start":{"line":27,"column":20},"end":{"line":27,"column":49}},"21":{"start":{"line":28,"column":8},"end":{"line":30,"column":null}},"22":{"start":{"line":29,"column":12},"end":{"line":29,"column":51}},"23":{"start":{"line":31,"column":19},"end":{"line":31,"column":85}},"24":{"start":{"line":31,"column":48},"end":{"line":31,"column":82}},"25":{"start":{"line":32,"column":8},"end":{"line":34,"column":null}},"26":{"start":{"line":33,"column":12},"end":{"line":33,"column":62}},"27":{"start":{"line":35,"column":8},"end":{"line":37,"column":null}},"28":{"start":{"line":36,"column":12},"end":{"line":36,"column":54}},"29":{"start":{"line":38,"column":8},"end":{"line":38,"column":44}},"30":{"start":{"line":40,"column":4},"end":{"line":41,"column":6}},"31":{"start":{"line":42,"column":4},"end":{"line":42,"column":34}},"32":{"start":{"line":44,"column":0},"end":{"line":44,"column":41}}},"fnMap":{"0":{"name":"(anonymous_0)","decl":{"start":{"line":2,"column":56},"end":{"line":2,"column":66}},"loc":{"start":{"line":2,"column":69},"end":{"line":4,"column":1}}},"1":{"name":"(anonymous_1)","decl":{"start":{"line":11,"column":44},"end":{"line":11,"column":null}},"loc":{"start":{"line":11,"column":44},"end":{"line":43,"column":1}}},"2":{"name":"UserApplicationService","decl":{"start":{"line":12,"column":13},"end":{"line":12,"column":35}},"loc":{"start":{"line":12,"column":50},"end":{"line":14,"column":5}}},"3":{"name":"(anonymous_3)","decl":{"start":{"line":15,"column":46},"end":{"line":15,"column":56}},"loc":{"start":{"line":15,"column":77},"end":{"line":22,"column":5}}},"4":{"name":"(anonymous_4)","decl":{"start":{"line":23,"column":46},"end":{"line":23,"column":null}},"loc":{"start":{"line":23,"column":46},"end":{"line":25,"column":5}}},"5":{"name":"(anonymous_5)","decl":{"start":{"line":26,"column":45},"end":{"line":26,"column":55}},"loc":{"start":{"line":26,"column":70},"end":{"line":39,"column":5}}},"6":{"name":"(anonymous_6)","decl":{"start":{"line":31,"column":30},"end":{"line":31,"column":40}},"loc":{"start":{"line":31,"column":44},"end":{"line":31,"column":84}}},"7":{"name":"(anonymous_7)","decl":{"start":{"line":40,"column":46},"end":{"line":40,"column":null}},"loc":{"start":{"line":40,"column":46},"end":{"line":41,"column":5}}}},"branchMap":{"0":{"loc":{"start":{"line":2,"column":23},"end":{"line":2,"column":27}},"type":"binary-expr","locations":[{"start":{"line":2,"column":23},"end":{"line":2,"column":27}},{"start":{"line":2,"column":31},"end":{"line":2,"column":51}},{"start":{"line":2,"column":56},"end":{"line":4,"column":1}}]},"1":{"loc":{"start":{"line":3,"column":37},"end":{"line":3,"column":40}},"type":"cond-expr","locations":[{"start":{"line":3,"column":37},"end":{"line":3,"column":40}},{"start":{"line":3,"column":43},"end":{"line":3,"column":61}}]},"2":{"loc":{"start":{"line":3,"column":12},"end":{"line":3,"column":15}},"type":"binary-expr","locations":[{"start":{"line":3,"column":12},"end":{"line":3,"column":15}},{"start":{"line":3,"column":19},"end":{"line":3,"column":33}}]},"3":{"loc":{"start":{"line":28,"column":8},"end":{"line":30,"column":null}},"type":"if","locations":[{"start":{"line":28,"column":8},"end":{"line":30,"column":null}},{"start":{"line":28,"column":8},"end":{"line":30,"column":null}}]},"4":{"loc":{"start":{"line":32,"column":8},"end":{"line":34,"column":null}},"type":"if","locations":[{"start":{"line":32,"column":8},"end":{"line":34,"column":null}},{"start":{"line":32,"column":8},"end":{"line":34,"column":null}}]},"5":{"loc":{"start":{"line":35,"column":8},"end":{"line":37,"column":null}},"type":"if","locations":[{"start":{"line":35,"column":8},"end":{"line":37,"column":null}},{"start":{"line":35,"column":8},"end":{"line":37,"column":null}}]}},"s":{"0":1,"1":5,"2":1,"3":1,"4":1,"5":1,"6":1,"7":1,"8":1,"9":1,"10":1,"11":2,"12":2,"13":2,"14":2,"15":2,"16":2,"17":1,"18":0,"19":1,"20":1,"21":1,"22":0,"23":1,"24":1,"25":1,"26":0,"27":1,"28":0,"29":1,"30":1,"31":1,"32":1},"f":{"0":5,"1":1,"2":1,"3":2,"4":0,"5":1,"6":1,"7":0},"b":{"0":[1,1,1],"1":[5,0],"2":[5,5],"3":[0,1],"4":[0,1],"5":[0,1]}}
,"/home/satodaiki/workspace/temp/ts-blog-domain/src/application/user/UserData.ts": {"path":"/home/satodaiki/workspace/temp/ts-blog-domain/src/application/user/UserData.ts","statementMap":{"0":{"start":{"line":2,"column":0},"end":{"line":2,"column":62}},"1":{"start":{"line":3,"column":30},"end":{"line":23,"column":3}},"2":{"start":{"line":5,"column":8},"end":{"line":5,"column":35}},"3":{"start":{"line":6,"column":8},"end":{"line":6,"column":39}},"4":{"start":{"line":8,"column":4},"end":{"line":14,"column":7}},"5":{"start":{"line":10,"column":12},"end":{"line":10,"column":28}},"6":{"start":{"line":15,"column":4},"end":{"line":21,"column":7}},"7":{"start":{"line":17,"column":12},"end":{"line":17,"column":30}},"8":{"start":{"line":22,"column":4},"end":{"line":22,"column":20}},"9":{"start":{"line":24,"column":0},"end":{"line":24,"column":27}}},"fnMap":{"0":{"name":"(anonymous_0)","decl":{"start":{"line":3,"column":30},"end":{"line":3,"column":null}},"loc":{"start":{"line":3,"column":30},"end":{"line":23,"column":1}}},"1":{"name":"UserData","decl":{"start":{"line":4,"column":13},"end":{"line":4,"column":21}},"loc":{"start":{"line":4,"column":28},"end":{"line":7,"column":5}}},"2":{"name":"(anonymous_2)","decl":{"start":{"line":9,"column":13},"end":{"line":9,"column":null}},"loc":{"start":{"line":9,"column":13},"end":{"line":11,"column":9}}},"3":{"name":"(anonymous_3)","decl":{"start":{"line":16,"column":13},"end":{"line":16,"column":null}},"loc":{"start":{"line":16,"column":13},"end":{"line":18,"column":9}}}},"branchMap":{},"s":{"0":1,"1":1,"2":3,"3":3,"4":1,"5":0,"6":1,"7":1,"8":1,"9":1},"f":{"0":1,"1":3,"2":0,"3":1},"b":{}}
,"/home/satodaiki/workspace/temp/ts-blog-domain/src/domain/models/diary/Diary.ts": {"path":"/home/satodaiki/workspace/temp/ts-blog-domain/src/domain/models/diary/Diary.ts","statementMap":{"0":{"start":{"line":1,"column":0},"end":{"line":1,"column":29}},"1":{"start":{"line":2,"column":0},"end":{"line":2,"column":52}},"2":{"start":{"line":8,"column":0},"end":{"line":8,"column":null}},"3":{"start":{"line":17,"column":8},"end":{"line":17,"column":41}},"4":{"start":{"line":18,"column":8},"end":{"line":18,"column":26}},"5":{"start":{"line":19,"column":8},"end":{"line":19,"column":42}},"6":{"start":{"line":20,"column":8},"end":{"line":20,"column":38}},"7":{"start":{"line":21,"column":8},"end":{"line":21,"column":42}},"8":{"start":{"line":22,"column":8},"end":{"line":22,"column":38}},"9":{"start":{"line":24,"column":0},"end":{"line":24,"column":null}},"10":{"start":{"line":26,"column":0},"end":{"line":26,"column":21}}},"fnMap":{"0":{"name":"(anonymous_7)","decl":{"start":{"line":8,"column":0},"end":{"line":8,"column":null}},"loc":{"start":{"line":8,"column":0},"end":{"line":24,"column":null}}},"1":{"name":"Diary","decl":{"start":{"line":16,"column":4},"end":{"line":16,"column":23}},"loc":{"start":{"line":16,"column":145},"end":{"line":23,"column":5}}}},"branchMap":{},"s":{"0":0,"1":0,"2":0,"3":0,"4":0,"5":0,"6":0,"7":0,"8":0,"9":0,"10":0},"f":{"0":0,"1":0},"b":{}}
,"/home/satodaiki/workspace/temp/ts-blog-domain/src/domain/models/diary/DiaryCreateDate.ts": {"path":"/home/satodaiki/workspace/temp/ts-blog-domain/src/domain/models/diary/DiaryCreateDate.ts","statementMap":{"0":{"start":{"line":1,"column":0},"end":{"line":1,"column":null}},"1":{"start":{"line":5,"column":8},"end":{"line":7,"column":null}},"2":{"start":{"line":6,"column":12},"end":{"line":6,"column":66}},"3":{"start":{"line":8,"column":8},"end":{"line":8,"column":27}},"4":{"start":{"line":10,"column":0},"end":{"line":10,"column":null}},"5":{"start":{"line":12,"column":0},"end":{"line":12,"column":31}}},"fnMap":{"0":{"name":"(anonymous_0)","decl":{"start":{"line":1,"column":0},"end":{"line":1,"column":null}},"loc":{"start":{"line":1,"column":0},"end":{"line":10,"column":null}}},"1":{"name":"DiaryCreateDate","decl":{"start":{"line":4,"column":4},"end":{"line":4,"column":16}},"loc":{"start":{"line":4,"column":27},"end":{"line":9,"column":5}}}},"branchMap":{"0":{"loc":{"start":{"line":5,"column":8},"end":{"line":7,"column":null}},"type":"if","locations":[{"start":{"line":5,"column":8},"end":{"line":7,"column":null}},{"start":{"line":5,"column":8},"end":{"line":7,"column":null}}]},"1":{"loc":{"start":{"line":5,"column":12},"end":{"line":5,"column":26}},"type":"binary-expr","locations":[{"start":{"line":5,"column":12},"end":{"line":5,"column":26}},{"start":{"line":5,"column":30},"end":{"line":5,"column":49}}]}},"s":{"0":0,"1":0,"2":0,"3":0,"4":0,"5":0},"f":{"0":0,"1":0},"b":{"0":[0,0],"1":[0,0]}}
,"/home/satodaiki/workspace/temp/ts-blog-domain/src/domain/models/diary/DiaryId.ts": {"path":"/home/satodaiki/workspace/temp/ts-blog-domain/src/domain/models/diary/DiaryId.ts","statementMap":{"0":{"start":{"line":1,"column":0},"end":{"line":1,"column":null}},"1":{"start":{"line":5,"column":8},"end":{"line":7,"column":null}},"2":{"start":{"line":6,"column":12},"end":{"line":6,"column":66}},"3":{"start":{"line":8,"column":8},"end":{"line":8,"column":28}},"4":{"start":{"line":11,"column":4},"end":{"line":13,"column":null}},"5":{"start":{"line":12,"column":8},"end":{"line":12,"column":27}},"6":{"start":{"line":14,"column":0},"end":{"line":14,"column":null}},"7":{"start":{"line":16,"column":0},"end":{"line":16,"column":23}}},"fnMap":{"0":{"name":"(anonymous_0)","decl":{"start":{"line":1,"column":0},"end":{"line":1,"column":null}},"loc":{"start":{"line":1,"column":0},"end":{"line":14,"column":null}}},"1":{"name":"DiaryId","decl":{"start":{"line":4,"column":4},"end":{"line":4,"column":16}},"loc":{"start":{"line":4,"column":29},"end":{"line":9,"column":5}}},"2":{"name":"(anonymous_2)","decl":{"start":{"line":11,"column":4},"end":{"line":11,"column":8}},"loc":{"start":{"line":11,"column":4},"end":{"line":13,"column":5}}}},"branchMap":{"0":{"loc":{"start":{"line":5,"column":8},"end":{"line":7,"column":null}},"type":"if","locations":[{"start":{"line":5,"column":8},"end":{"line":7,"column":null}},{"start":{"line":5,"column":8},"end":{"line":7,"column":null}}]},"1":{"loc":{"start":{"line":5,"column":12},"end":{"line":5,"column":26}},"type":"binary-expr","locations":[{"start":{"line":5,"column":12},"end":{"line":5,"column":26}},{"start":{"line":5,"column":30},"end":{"line":5,"column":49}}]}},"s":{"0":0,"1":0,"2":0,"3":0,"4":0,"5":0,"6":0,"7":0},"f":{"0":0,"1":0,"2":0},"b":{"0":[0,0],"1":[0,0]}}
,"/home/satodaiki/workspace/temp/ts-blog-domain/src/domain/models/diary/DiaryText.ts": {"path":"/home/satodaiki/workspace/temp/ts-blog-domain/src/domain/models/diary/DiaryText.ts","statementMap":{"0":{"start":{"line":1,"column":0},"end":{"line":1,"column":null}},"1":{"start":{"line":5,"column":8},"end":{"line":5,"column":27}},"2":{"start":{"line":7,"column":0},"end":{"line":7,"column":null}},"3":{"start":{"line":9,"column":0},"end":{"line":9,"column":25}}},"fnMap":{"0":{"name":"(anonymous_0)","decl":{"start":{"line":1,"column":0},"end":{"line":1,"column":null}},"loc":{"start":{"line":1,"column":0},"end":{"line":7,"column":null}}},"1":{"name":"DiaryText","decl":{"start":{"line":4,"column":4},"end":{"line":4,"column":16}},"loc":{"start":{"line":4,"column":29},"end":{"line":6,"column":5}}}},"branchMap":{},"s":{"0":0,"1":0,"2":0,"3":0},"f":{"0":0,"1":0},"b":{}}
,"/home/satodaiki/workspace/temp/ts-blog-domain/src/domain/models/diary/DiaryUpdateDate.ts": {"path":"/home/satodaiki/workspace/temp/ts-blog-domain/src/domain/models/diary/DiaryUpdateDate.ts","statementMap":{"0":{"start":{"line":1,"column":0},"end":{"line":1,"column":null}},"1":{"start":{"line":5,"column":8},"end":{"line":7,"column":null}},"2":{"start":{"line":6,"column":12},"end":{"line":6,"column":66}},"3":{"start":{"line":8,"column":8},"end":{"line":8,"column":27}},"4":{"start":{"line":10,"column":0},"end":{"line":10,"column":null}},"5":{"start":{"line":12,"column":0},"end":{"line":12,"column":31}}},"fnMap":{"0":{"name":"(anonymous_0)","decl":{"start":{"line":1,"column":0},"end":{"line":1,"column":null}},"loc":{"start":{"line":1,"column":0},"end":{"line":10,"column":null}}},"1":{"name":"DiaryUpdateDate","decl":{"start":{"line":4,"column":4},"end":{"line":4,"column":16}},"loc":{"start":{"line":4,"column":27},"end":{"line":9,"column":5}}}},"branchMap":{"0":{"loc":{"start":{"line":5,"column":8},"end":{"line":7,"column":null}},"type":"if","locations":[{"start":{"line":5,"column":8},"end":{"line":7,"column":null}},{"start":{"line":5,"column":8},"end":{"line":7,"column":null}}]},"1":{"loc":{"start":{"line":5,"column":12},"end":{"line":5,"column":26}},"type":"binary-expr","locations":[{"start":{"line":5,"column":12},"end":{"line":5,"column":26}},{"start":{"line":5,"column":30},"end":{"line":5,"column":49}}]}},"s":{"0":0,"1":0,"2":0,"3":0,"4":0,"5":0},"f":{"0":0,"1":0},"b":{"0":[0,0],"1":[0,0]}}
,"/home/satodaiki/workspace/temp/ts-blog-domain/src/domain/models/user/User.ts": {"path":"/home/satodaiki/workspace/temp/ts-blog-domain/src/domain/models/user/User.ts","statementMap":{"0":{"start":{"line":2,"column":22},"end":{"line":8,"column":3}},"1":{"start":{"line":3,"column":4},"end":{"line":3,"column":33}},"2":{"start":{"line":3,"column":26},"end":{"line":3,"column":33}},"3":{"start":{"line":4,"column":4},"end":{"line":4,"column":89}},"4":{"start":{"line":4,"column":71},"end":{"line":4,"column":83}},"5":{"start":{"line":6,"column":4},"end":{"line":6,"column":33}},"6":{"start":{"line":6,"column":26},"end":{"line":6,"column":33}},"7":{"start":{"line":7,"column":4},"end":{"line":7,"column":17}},"8":{"start":{"line":9,"column":25},"end":{"line":13,"column":2}},"9":{"start":{"line":10,"column":4},"end":{"line":10,"column":72}},"10":{"start":{"line":12,"column":4},"end":{"line":12,"column":21}},"11":{"start":{"line":14,"column":19},"end":{"line":20,"column":1}},"12":{"start":{"line":15,"column":4},"end":{"line":15,"column":42}},"13":{"start":{"line":15,"column":31},"end":{"line":15,"column":42}},"14":{"start":{"line":16,"column":17},"end":{"line":16,"column":19}},"15":{"start":{"line":17,"column":4},"end":{"line":17,"column":131}},"16":{"start":{"line":17,"column":21},"end":{"line":17,"column":131}},"17":{"start":{"line":17,"column":40},"end":{"line":17,"column":131}},"18":{"start":{"line":17,"column":99},"end":{"line":17,"column":131}},"19":{"start":{"line":18,"column":4},"end":{"line":18,"column":36}},"20":{"start":{"line":19,"column":4},"end":{"line":19,"column":18}},"21":{"start":{"line":21,"column":22},"end":{"line":23,"column":1}},"22":{"start":{"line":22,"column":4},"end":{"line":22,"column":62}},"23":{"start":{"line":24,"column":0},"end":{"line":24,"column":62}},"24":{"start":{"line":25,"column":11},"end":{"line":25,"column":40}},"25":{"start":{"line":26,"column":15},"end":{"line":26,"column":70}},"26":{"start":{"line":27,"column":23},"end":{"line":27,"column":86}},"27":{"start":{"line":28,"column":26},"end":{"line":58,"column":3}},"28":{"start":{"line":30,"column":8},"end":{"line":30,"column":50}},"29":{"start":{"line":31,"column":8},"end":{"line":31,"column":26}},"30":{"start":{"line":32,"column":8},"end":{"line":32,"column":28}},"31":{"start":{"line":33,"column":8},"end":{"line":33,"column":34}},"32":{"start":{"line":34,"column":8},"end":{"line":34,"column":68}},"33":{"start":{"line":36,"column":4},"end":{"line":42,"column":7}},"34":{"start":{"line":38,"column":12},"end":{"line":38,"column":30}},"35":{"start":{"line":43,"column":4},"end":{"line":49,"column":7}},"36":{"start":{"line":45,"column":12},"end":{"line":45,"column":31}},"37":{"start":{"line":50,"column":4},"end":{"line":56,"column":7}},"38":{"start":{"line":52,"column":12},"end":{"line":52,"column":34}},"39":{"start":{"line":57,"column":4},"end":{"line":57,"column":16}},"40":{"start":{"line":59,"column":0},"end":{"line":59,"column":23}}},"fnMap":{"0":{"name":"(anonymous_0)","decl":{"start":{"line":2,"column":74},"end":{"line":2,"column":83}},"loc":{"start":{"line":2,"column":94},"end":{"line":5,"column":1}}},"1":{"name":"(anonymous_1)","decl":{"start":{"line":4,"column":58},"end":{"line":4,"column":71}},"loc":{"start":{"line":4,"column":58},"end":{"line":4,"column":85}}},"2":{"name":"(anonymous_2)","decl":{"start":{"line":5,"column":6},"end":{"line":5,"column":15}},"loc":{"start":{"line":5,"column":26},"end":{"line":8,"column":1}}},"3":{"name":"(anonymous_3)","decl":{"start":{"line":9,"column":80},"end":{"line":9,"column":89}},"loc":{"start":{"line":9,"column":93},"end":{"line":11,"column":1}}},"4":{"name":"(anonymous_4)","decl":{"start":{"line":11,"column":5},"end":{"line":11,"column":14}},"loc":{"start":{"line":11,"column":18},"end":{"line":13,"column":1}}},"5":{"name":"(anonymous_5)","decl":{"start":{"line":14,"column":50},"end":{"line":14,"column":60}},"loc":{"start":{"line":14,"column":63},"end":{"line":20,"column":1}}},"6":{"name":"(anonymous_6)","decl":{"start":{"line":21,"column":56},"end":{"line":21,"column":66}},"loc":{"start":{"line":21,"column":69},"end":{"line":23,"column":1}}},"7":{"name":"(anonymous_7)","decl":{"start":{"line":28,"column":26},"end":{"line":28,"column":null}},"loc":{"start":{"line":28,"column":26},"end":{"line":58,"column":1}}},"8":{"name":"User","decl":{"start":{"line":29,"column":13},"end":{"line":29,"column":17}},"loc":{"start":{"line":29,"column":39},"end":{"line":35,"column":5}}},"9":{"name":"(anonymous_9)","decl":{"start":{"line":37,"column":13},"end":{"line":37,"column":null}},"loc":{"start":{"line":37,"column":13},"end":{"line":39,"column":9}}},"10":{"name":"(anonymous_10)","decl":{"start":{"line":44,"column":13},"end":{"line":44,"column":null}},"loc":{"start":{"line":44,"column":13},"end":{"line":46,"column":9}}},"11":{"name":"(anonymous_11)","decl":{"start":{"line":51,"column":13},"end":{"line":51,"column":null}},"loc":{"start":{"line":51,"column":13},"end":{"line":53,"column":9}}}},"branchMap":{"0":{"loc":{"start":{"line":2,"column":23},"end":{"line":2,"column":27}},"type":"binary-expr","locations":[{"start":{"line":2,"column":23},"end":{"line":2,"column":27}},{"start":{"line":2,"column":31},"end":{"line":2,"column":51}},{"start":{"line":2,"column":57},"end":{"line":8,"column":2}}]},"1":{"loc":{"start":{"line":2,"column":74},"end":{"line":5,"column":1}},"type":"cond-expr","locations":[{"start":{"line":2,"column":74},"end":{"line":5,"column":1}},{"start":{"line":5,"column":6},"end":{"line":8,"column":1}}]},"2":{"loc":{"start":{"line":3,"column":4},"end":{"line":3,"column":33}},"type":"if","locations":[{"start":{"line":3,"column":4},"end":{"line":3,"column":33}},{"start":{"line":3,"column":4},"end":{"line":3,"column":33}}]},"3":{"loc":{"start":{"line":6,"column":4},"end":{"line":6,"column":33}},"type":"if","locations":[{"start":{"line":6,"column":4},"end":{"line":6,"column":33}},{"start":{"line":6,"column":4},"end":{"line":6,"column":33}}]},"4":{"loc":{"start":{"line":9,"column":26},"end":{"line":9,"column":30}},"type":"binary-expr","locations":[{"start":{"line":9,"column":26},"end":{"line":9,"column":30}},{"start":{"line":9,"column":34},"end":{"line":9,"column":57}},{"start":{"line":9,"column":63},"end":{"line":13,"column":1}}]},"5":{"loc":{"start":{"line":9,"column":80},"end":{"line":11,"column":1}},"type":"cond-expr","locations":[{"start":{"line":9,"column":80},"end":{"line":11,"column":1}},{"start":{"line":11,"column":5},"end":{"line":13,"column":1}}]},"6":{"loc":{"start":{"line":14,"column":20},"end":{"line":14,"column":24}},"type":"binary-expr","locations":[{"start":{"line":14,"column":20},"end":{"line":14,"column":24}},{"start":{"line":14,"column":28},"end":{"line":14,"column":45}},{"start":{"line":14,"column":50},"end":{"line":20,"column":1}}]},"7":{"loc":{"start":{"line":15,"column":4},"end":{"line":15,"column":42}},"type":"if","locations":[{"start":{"line":15,"column":4},"end":{"line":15,"column":42}},{"start":{"line":15,"column":4},"end":{"line":15,"column":42}}]},"8":{"loc":{"start":{"line":15,"column":8},"end":{"line":15,"column":11}},"type":"binary-expr","locations":[{"start":{"line":15,"column":8},"end":{"line":15,"column":11}},{"start":{"line":15,"column":15},"end":{"line":15,"column":29}}]},"9":{"loc":{"start":{"line":17,"column":4},"end":{"line":17,"column":131}},"type":"if","locations":[{"start":{"line":17,"column":4},"end":{"line":17,"column":131}},{"start":{"line":17,"column":4},"end":{"line":17,"column":131}}]},"10":{"loc":{"start":{"line":17,"column":40},"end":{"line":17,"column":131}},"type":"if","locations":[{"start":{"line":17,"column":40},"end":{"line":17,"column":131}},{"start":{"line":17,"column":40},"end":{"line":17,"column":131}}]},"11":{"loc":{"start":{"line":17,"column":44},"end":{"line":17,"column":59}},"type":"binary-expr","locations":[{"start":{"line":17,"column":44},"end":{"line":17,"column":59}},{"start":{"line":17,"column":63},"end":{"line":17,"column":97}}]},"12":{"loc":{"start":{"line":21,"column":23},"end":{"line":21,"column":27}},"type":"binary-expr","locations":[{"start":{"line":21,"column":23},"end":{"line":21,"column":27}},{"start":{"line":21,"column":31},"end":{"line":21,"column":51}},{"start":{"line":21,"column":56},"end":{"line":23,"column":1}}]},"13":{"loc":{"start":{"line":22,"column":37},"end":{"line":22,"column":40}},"type":"cond-expr","locations":[{"start":{"line":22,"column":37},"end":{"line":22,"column":40}},{"start":{"line":22,"column":43},"end":{"line":22,"column":61}}]},"14":{"loc":{"start":{"line":22,"column":12},"end":{"line":22,"column":15}},"type":"binary-expr","locations":[{"start":{"line":22,"column":12},"end":{"line":22,"column":15}},{"start":{"line":22,"column":19},"end":{"line":22,"column":33}}]}},"s":{"0":1,"1":0,"2":0,"3":0,"4":0,"5":0,"6":0,"7":0,"8":1,"9":0,"10":0,"11":1,"12":1,"13":1,"14":0,"15":0,"16":0,"17":0,"18":0,"19":0,"20":0,"21":1,"22":2,"23":1,"24":1,"25":1,"26":1,"27":1,"28":2,"29":2,"30":2,"31":2,"32":2,"33":1,"34":3,"35":1,"36":1,"37":1,"38":1,"39":1,"40":1},"f":{"0":0,"1":0,"2":0,"3":0,"4":0,"5":1,"6":2,"7":1,"8":2,"9":3,"10":1,"11":1},"b":{"0":[1,1,1],"1":[1,0],"2":[0,0],"3":[0,0],"4":[1,1,1],"5":[1,0],"6":[1,1,1],"7":[1,0],"8":[1,1],"9":[0,0],"10":[0,0],"11":[0,0],"12":[1,1,1],"13":[2,0],"14":[2,2]}}
,"/home/satodaiki/workspace/temp/ts-blog-domain/src/domain/models/user/UserCreateDate.ts": {"path":"/home/satodaiki/workspace/temp/ts-blog-domain/src/domain/models/user/UserCreateDate.ts","statementMap":{"0":{"start":{"line":2,"column":0},"end":{"line":2,"column":62}},"1":{"start":{"line":3,"column":36},"end":{"line":15,"column":3}},"2":{"start":{"line":5,"column":8},"end":{"line":5,"column":38}},"3":{"start":{"line":7,"column":4},"end":{"line":13,"column":7}},"4":{"start":{"line":9,"column":12},"end":{"line":9,"column":36}},"5":{"start":{"line":14,"column":4},"end":{"line":14,"column":26}},"6":{"start":{"line":16,"column":0},"end":{"line":16,"column":33}}},"fnMap":{"0":{"name":"(anonymous_0)","decl":{"start":{"line":3,"column":36},"end":{"line":3,"column":null}},"loc":{"start":{"line":3,"column":36},"end":{"line":15,"column":1}}},"1":{"name":"UserCreateDate","decl":{"start":{"line":4,"column":13},"end":{"line":4,"column":27}},"loc":{"start":{"line":4,"column":38},"end":{"line":6,"column":5}}},"2":{"name":"(anonymous_2)","decl":{"start":{"line":8,"column":13},"end":{"line":8,"column":null}},"loc":{"start":{"line":8,"column":13},"end":{"line":10,"column":9}}}},"branchMap":{},"s":{"0":1,"1":1,"2":2,"3":1,"4":0,"5":1,"6":1},"f":{"0":1,"1":2,"2":0},"b":{}}
,"/home/satodaiki/workspace/temp/ts-blog-domain/src/domain/models/user/UserEmail.ts": {"path":"/home/satodaiki/workspace/temp/ts-blog-domain/src/domain/models/user/UserEmail.ts","statementMap":{"0":{"start":{"line":2,"column":0},"end":{"line":2,"column":62}},"1":{"start":{"line":3,"column":31},"end":{"line":18,"column":3}},"2":{"start":{"line":5,"column":8},"end":{"line":7,"column":null}},"3":{"start":{"line":6,"column":12},"end":{"line":6,"column":79}},"4":{"start":{"line":8,"column":8},"end":{"line":8,"column":28}},"5":{"start":{"line":10,"column":4},"end":{"line":16,"column":7}},"6":{"start":{"line":12,"column":12},"end":{"line":12,"column":31}},"7":{"start":{"line":17,"column":4},"end":{"line":17,"column":21}},"8":{"start":{"line":19,"column":0},"end":{"line":19,"column":28}}},"fnMap":{"0":{"name":"(anonymous_0)","decl":{"start":{"line":3,"column":31},"end":{"line":3,"column":null}},"loc":{"start":{"line":3,"column":31},"end":{"line":18,"column":1}}},"1":{"name":"UserEmail","decl":{"start":{"line":4,"column":13},"end":{"line":4,"column":22}},"loc":{"start":{"line":4,"column":28},"end":{"line":9,"column":5}}},"2":{"name":"(anonymous_2)","decl":{"start":{"line":11,"column":13},"end":{"line":11,"column":null}},"loc":{"start":{"line":11,"column":13},"end":{"line":13,"column":9}}}},"branchMap":{"0":{"loc":{"start":{"line":5,"column":8},"end":{"line":7,"column":null}},"type":"if","locations":[{"start":{"line":5,"column":8},"end":{"line":7,"column":null}},{"start":{"line":5,"column":8},"end":{"line":7,"column":null}}]}},"s":{"0":1,"1":1,"2":2,"3":0,"4":2,"5":1,"6":1,"7":1,"8":1},"f":{"0":1,"1":2,"2":1},"b":{"0":[0,2]}}
,"/home/satodaiki/workspace/temp/ts-blog-domain/src/domain/models/user/UserId.ts": {"path":"/home/satodaiki/workspace/temp/ts-blog-domain/src/domain/models/user/UserId.ts","statementMap":{"0":{"start":{"line":2,"column":0},"end":{"line":2,"column":62}},"1":{"start":{"line":3,"column":28},"end":{"line":18,"column":3}},"2":{"start":{"line":5,"column":8},"end":{"line":7,"column":null}},"3":{"start":{"line":6,"column":12},"end":{"line":6,"column":77}},"4":{"start":{"line":8,"column":8},"end":{"line":8,"column":22}},"5":{"start":{"line":10,"column":4},"end":{"line":16,"column":7}},"6":{"start":{"line":12,"column":12},"end":{"line":12,"column":28}},"7":{"start":{"line":17,"column":4},"end":{"line":17,"column":18}},"8":{"start":{"line":19,"column":0},"end":{"line":19,"column":25}}},"fnMap":{"0":{"name":"(anonymous_0)","decl":{"start":{"line":3,"column":28},"end":{"line":3,"column":null}},"loc":{"start":{"line":3,"column":28},"end":{"line":18,"column":1}}},"1":{"name":"UserId","decl":{"start":{"line":4,"column":13},"end":{"line":4,"column":19}},"loc":{"start":{"line":4,"column":22},"end":{"line":9,"column":5}}},"2":{"name":"(anonymous_2)","decl":{"start":{"line":11,"column":13},"end":{"line":11,"column":null}},"loc":{"start":{"line":11,"column":13},"end":{"line":13,"column":9}}}},"branchMap":{"0":{"loc":{"start":{"line":5,"column":8},"end":{"line":7,"column":null}},"type":"if","locations":[{"start":{"line":5,"column":8},"end":{"line":7,"column":null}},{"start":{"line":5,"column":8},"end":{"line":7,"column":null}}]}},"s":{"0":1,"1":1,"2":2,"3":0,"4":2,"5":1,"6":3,"7":1,"8":1},"f":{"0":1,"1":2,"2":3},"b":{"0":[0,2]}}
,"/home/satodaiki/workspace/temp/ts-blog-domain/src/domain/models/user/UserName.ts": {"path":"/home/satodaiki/workspace/temp/ts-blog-domain/src/domain/models/user/UserName.ts","statementMap":{"0":{"start":{"line":2,"column":0},"end":{"line":2,"column":62}},"1":{"start":{"line":3,"column":30},"end":{"line":18,"column":3}},"2":{"start":{"line":5,"column":8},"end":{"line":7,"column":null}},"3":{"start":{"line":6,"column":12},"end":{"line":6,"column":79}},"4":{"start":{"line":8,"column":8},"end":{"line":8,"column":26}},"5":{"start":{"line":10,"column":4},"end":{"line":16,"column":7}},"6":{"start":{"line":12,"column":12},"end":{"line":12,"column":30}},"7":{"start":{"line":17,"column":4},"end":{"line":17,"column":20}},"8":{"start":{"line":19,"column":0},"end":{"line":19,"column":27}}},"fnMap":{"0":{"name":"(anonymous_0)","decl":{"start":{"line":3,"column":30},"end":{"line":3,"column":null}},"loc":{"start":{"line":3,"column":30},"end":{"line":18,"column":1}}},"1":{"name":"UserName","decl":{"start":{"line":4,"column":13},"end":{"line":4,"column":21}},"loc":{"start":{"line":4,"column":26},"end":{"line":9,"column":5}}},"2":{"name":"(anonymous_2)","decl":{"start":{"line":11,"column":13},"end":{"line":11,"column":null}},"loc":{"start":{"line":11,"column":13},"end":{"line":13,"column":9}}}},"branchMap":{"0":{"loc":{"start":{"line":5,"column":8},"end":{"line":7,"column":null}},"type":"if","locations":[{"start":{"line":5,"column":8},"end":{"line":7,"column":null}},{"start":{"line":5,"column":8},"end":{"line":7,"column":null}}]}},"s":{"0":1,"1":1,"2":2,"3":0,"4":2,"5":1,"6":3,"7":1,"8":1},"f":{"0":1,"1":2,"2":3},"b":{"0":[0,2]}}
,"/home/satodaiki/workspace/temp/ts-blog-domain/src/domain/models/user/UserPassword.ts": {"path":"/home/satodaiki/workspace/temp/ts-blog-domain/src/domain/models/user/UserPassword.ts","statementMap":{"0":{"start":{"line":2,"column":22},"end":{"line":4,"column":1}},"1":{"start":{"line":3,"column":4},"end":{"line":3,"column":62}},"2":{"start":{"line":5,"column":0},"end":{"line":5,"column":62}},"3":{"start":{"line":6,"column":15},"end":{"line":6,"column":49}},"4":{"start":{"line":7,"column":34},"end":{"line":23,"column":3}},"5":{"start":{"line":9,"column":8},"end":{"line":11,"column":null}},"6":{"start":{"line":10,"column":12},"end":{"line":10,"column":79}},"7":{"start":{"line":12,"column":23},"end":{"line":12,"column":88}},"8":{"start":{"line":13,"column":8},"end":{"line":13,"column":34}},"9":{"start":{"line":15,"column":4},"end":{"line":21,"column":7}},"10":{"start":{"line":17,"column":12},"end":{"line":17,"column":34}},"11":{"start":{"line":22,"column":4},"end":{"line":22,"column":24}},"12":{"start":{"line":24,"column":0},"end":{"line":24,"column":31}}},"fnMap":{"0":{"name":"(anonymous_0)","decl":{"start":{"line":2,"column":56},"end":{"line":2,"column":66}},"loc":{"start":{"line":2,"column":69},"end":{"line":4,"column":1}}},"1":{"name":"(anonymous_1)","decl":{"start":{"line":7,"column":34},"end":{"line":7,"column":null}},"loc":{"start":{"line":7,"column":34},"end":{"line":23,"column":1}}},"2":{"name":"UserPassword","decl":{"start":{"line":8,"column":13},"end":{"line":8,"column":25}},"loc":{"start":{"line":8,"column":34},"end":{"line":14,"column":5}}},"3":{"name":"(anonymous_3)","decl":{"start":{"line":16,"column":13},"end":{"line":16,"column":null}},"loc":{"start":{"line":16,"column":13},"end":{"line":18,"column":9}}}},"branchMap":{"0":{"loc":{"start":{"line":2,"column":23},"end":{"line":2,"column":27}},"type":"binary-expr","locations":[{"start":{"line":2,"column":23},"end":{"line":2,"column":27}},{"start":{"line":2,"column":31},"end":{"line":2,"column":51}},{"start":{"line":2,"column":56},"end":{"line":4,"column":1}}]},"1":{"loc":{"start":{"line":3,"column":37},"end":{"line":3,"column":40}},"type":"cond-expr","locations":[{"start":{"line":3,"column":37},"end":{"line":3,"column":40}},{"start":{"line":3,"column":43},"end":{"line":3,"column":61}}]},"2":{"loc":{"start":{"line":3,"column":12},"end":{"line":3,"column":15}},"type":"binary-expr","locations":[{"start":{"line":3,"column":12},"end":{"line":3,"column":15}},{"start":{"line":3,"column":19},"end":{"line":3,"column":33}}]},"3":{"loc":{"start":{"line":9,"column":8},"end":{"line":11,"column":null}},"type":"if","locations":[{"start":{"line":9,"column":8},"end":{"line":11,"column":null}},{"start":{"line":9,"column":8},"end":{"line":11,"column":null}}]}},"s":{"0":1,"1":1,"2":1,"3":1,"4":1,"5":3,"6":0,"7":3,"8":3,"9":1,"10":2,"11":1,"12":1},"f":{"0":1,"1":1,"2":3,"3":2},"b":{"0":[1,1,1],"1":[0,1],"2":[1,1],"3":[0,3]}}
,"/home/satodaiki/workspace/temp/ts-blog-domain/src/repositories/inMemory/InMemoryDiaryRepository.ts": {"path":"/home/satodaiki/workspace/temp/ts-blog-domain/src/repositories/inMemory/InMemoryDiaryRepository.ts","statementMap":{"0":{"start":{"line":5,"column":0},"end":{"line":5,"column":null}},"1":{"start":{"line":7,"column":12},"end":{"line":7,"column":51}},"2":{"start":{"line":9,"column":11},"end":{"line":20,"column":null}},"3":{"start":{"line":10,"column":22},"end":{"line":10,"column":42}},"4":{"start":{"line":12,"column":8},"end":{"line":18,"column":null}},"5":{"start":{"line":13,"column":23},"end":{"line":13,"column":37}},"6":{"start":{"line":14,"column":12},"end":{"line":14,"column":42}},"7":{"start":{"line":14,"column":36},"end":{"line":14,"column":42}},"8":{"start":{"line":15,"column":12},"end":{"line":17,"column":null}},"9":{"start":{"line":16,"column":16},"end":{"line":16,"column":39}},"10":{"start":{"line":19,"column":8},"end":{"line":19,"column":22}},"11":{"start":{"line":22,"column":11},"end":{"line":26,"column":null}},"12":{"start":{"line":23,"column":22},"end":{"line":23,"column":36}},"13":{"start":{"line":24,"column":8},"end":{"line":24,"column":49}},"14":{"start":{"line":24,"column":32},"end":{"line":24,"column":48}},"15":{"start":{"line":25,"column":8},"end":{"line":25,"column":23}},"16":{"start":{"line":28,"column":11},"end":{"line":30,"column":null}},"17":{"start":{"line":29,"column":8},"end":{"line":29,"column":40}},"18":{"start":{"line":32,"column":11},"end":{"line":36,"column":null}},"19":{"start":{"line":33,"column":22},"end":{"line":33,"column":40}},"20":{"start":{"line":34,"column":8},"end":{"line":34,"column":27}},"21":{"start":{"line":34,"column":20},"end":{"line":34,"column":27}},"22":{"start":{"line":35,"column":8},"end":{"line":35,"column":36}},"23":{"start":{"line":37,"column":0},"end":{"line":37,"column":null}},"24":{"start":{"line":39,"column":0},"end":{"line":39,"column":39}}},"fnMap":{"0":{"name":"(anonymous_0)","decl":{"start":{"line":5,"column":0},"end":{"line":5,"column":null}},"loc":{"start":{"line":5,"column":0},"end":{"line":37,"column":null}}},"1":{"name":"(anonymous_2)","decl":{"start":{"line":9,"column":4},"end":{"line":9,"column":11}},"loc":{"start":{"line":9,"column":32},"end":{"line":20,"column":5}}},"2":{"name":"(anonymous_3)","decl":{"start":{"line":22,"column":4},"end":{"line":22,"column":11}},"loc":{"start":{"line":22,"column":4},"end":{"line":26,"column":5}}},"3":{"name":"(anonymous_4)","decl":{"start":{"line":24,"column":27},"end":{"line":24,"column":28}},"loc":{"start":{"line":24,"column":28},"end":{"line":24,"column":39}}},"4":{"name":"(anonymous_5)","decl":{"start":{"line":28,"column":4},"end":{"line":28,"column":11}},"loc":{"start":{"line":28,"column":28},"end":{"line":30,"column":5}}},"5":{"name":"(anonymous_6)","decl":{"start":{"line":32,"column":4},"end":{"line":32,"column":11}},"loc":{"start":{"line":32,"column":34},"end":{"line":36,"column":5}}}},"branchMap":{"0":{"loc":{"start":{"line":14,"column":12},"end":{"line":14,"column":42}},"type":"if","locations":[{"start":{"line":14,"column":12},"end":{"line":14,"column":42}},{"start":{"line":14,"column":12},"end":{"line":14,"column":42}}]},"1":{"loc":{"start":{"line":15,"column":12},"end":{"line":17,"column":null}},"type":"if","locations":[{"start":{"line":15,"column":12},"end":{"line":17,"column":null}},{"start":{"line":15,"column":12},"end":{"line":17,"column":null}}]},"2":{"loc":{"start":{"line":34,"column":8},"end":{"line":34,"column":27}},"type":"if","locations":[{"start":{"line":34,"column":8},"end":{"line":34,"column":27}},{"start":{"line":34,"column":8},"end":{"line":34,"column":27}}]}},"s":{"0":0,"1":0,"2":0,"3":0,"4":0,"5":0,"6":0,"7":0,"8":0,"9":0,"10":0,"11":0,"12":0,"13":0,"14":0,"15":0,"16":0,"17":0,"18":0,"19":0,"20":0,"21":0,"22":0,"23":0,"24":0},"f":{"0":0,"1":0,"2":0,"3":0,"4":0,"5":0},"b":{"0":[0,0],"1":[0,0],"2":[0,0]}}
,"/home/satodaiki/workspace/temp/ts-blog-domain/src/repositories/inMemory/InMemoryUserRepository.ts": {"path":"/home/satodaiki/workspace/temp/ts-blog-domain/src/repositories/inMemory/InMemoryUserRepository.ts","statementMap":{"0":{"start":{"line":2,"column":0},"end":{"line":2,"column":62}},"1":{"start":{"line":3,"column":44},"end":{"line":21,"column":3}},"2":{"start":{"line":5,"column":8},"end":{"line":5,"column":33}},"3":{"start":{"line":7,"column":4},"end":{"line":9,"column":6}},"4":{"start":{"line":8,"column":8},"end":{"line":8,"column":75}},"5":{"start":{"line":8,"column":49},"end":{"line":8,"column":71}},"6":{"start":{"line":10,"column":4},"end":{"line":12,"column":6}},"7":{"start":{"line":11,"column":8},"end":{"line":11,"column":26}},"8":{"start":{"line":13,"column":4},"end":{"line":15,"column":6}},"9":{"start":{"line":14,"column":8},"end":{"line":14,"column":30}},"10":{"start":{"line":16,"column":4},"end":{"line":19,"column":6}},"11":{"start":{"line":17,"column":26},"end":{"line":17,"column":90}},"12":{"start":{"line":17,"column":65},"end":{"line":17,"column":87}},"13":{"start":{"line":18,"column":8},"end":{"line":18,"column":42}},"14":{"start":{"line":20,"column":4},"end":{"line":20,"column":34}},"15":{"start":{"line":22,"column":0},"end":{"line":22,"column":41}}},"fnMap":{"0":{"name":"(anonymous_0)","decl":{"start":{"line":3,"column":44},"end":{"line":3,"column":null}},"loc":{"start":{"line":3,"column":44},"end":{"line":21,"column":1}}},"1":{"name":"InMemoryUserRepository","decl":{"start":{"line":4,"column":13},"end":{"line":4,"column":35}},"loc":{"start":{"line":4,"column":35},"end":{"line":6,"column":5}}},"2":{"name":"(anonymous_2)","decl":{"start":{"line":7,"column":44},"end":{"line":7,"column":54}},"loc":{"start":{"line":7,"column":56},"end":{"line":9,"column":5}}},"3":{"name":"(anonymous_3)","decl":{"start":{"line":8,"column":31},"end":{"line":8,"column":41}},"loc":{"start":{"line":8,"column":45},"end":{"line":8,"column":73}}},"4":{"name":"(anonymous_4)","decl":{"start":{"line":10,"column":47},"end":{"line":10,"column":null}},"loc":{"start":{"line":10,"column":47},"end":{"line":12,"column":5}}},"5":{"name":"(anonymous_5)","decl":{"start":{"line":13,"column":44},"end":{"line":13,"column":54}},"loc":{"start":{"line":13,"column":58},"end":{"line":15,"column":5}}},"6":{"name":"(anonymous_6)","decl":{"start":{"line":16,"column":46},"end":{"line":16,"column":56}},"loc":{"start":{"line":16,"column":58},"end":{"line":19,"column":5}}},"7":{"name":"(anonymous_7)","decl":{"start":{"line":17,"column":47},"end":{"line":17,"column":57}},"loc":{"start":{"line":17,"column":61},"end":{"line":17,"column":89}}}},"branchMap":{},"s":{"0":1,"1":1,"2":1,"3":1,"4":0,"5":0,"6":1,"7":1,"8":1,"9":2,"10":1,"11":0,"12":0,"13":0,"14":1,"15":1},"f":{"0":1,"1":1,"2":0,"3":0,"4":1,"5":2,"6":0,"7":0},"b":{}}
}
